
*** Running vivado
    with args -log design_1_vio_0_0.vds -m64 -product Vivado -mode batch -messageDb vivado.pb -notrace -source design_1_vio_0_0.tcl


****** Vivado v2019.1 (64-bit)
  **** SW Build 2552052 on Fri May 24 14:49:42 MDT 2019
  **** IP Build 2548770 on Fri May 24 18:01:18 MDT 2019
    ** Copyright 1986-2019 Xilinx, Inc. All Rights Reserved.

source design_1_vio_0_0.tcl -notrace
INFO: [IP_Flow 19-234] Refreshing IP repositories
INFO: [IP_Flow 19-1700] Loaded user IP repository 'f:/work/Izhevsk_project_2_1/Izhevsk_project_2_1/projects/ip_repo/IP_sync_1.0'.
INFO: [IP_Flow 19-1700] Loaded user IP repository 'f:/work/Izhevsk_project_2_1/Izhevsk_project_2_1/library'.
INFO: [IP_Flow 19-2313] Loaded Vivado IP repository 'F:/Vivado/2019.1/data/ip'.
WARNING: [IP_Flow 19-1663] Duplicate IP found for 'analog.com:user:util_clkdiv:1.0'. The one found in IP location 'f:/work/Izhevsk_project_2_1/Izhevsk_project_2_1/library/util_clkdiv' will take precedence over the same IP in location f:/work/Izhevsk_project_2_1/Izhevsk_project_2_1/library/xilinx/util_clkdiv
WARNING: [IP_Flow 19-4995] The host OS only allows 260 characters in a normal path. The IP cache path is more than 80 characters. If you experience issues with IP caching, please consider changing the IP cache to a location with a shorter path. Alternately consider using the OS subst command to map part of the path to a drive letter. 
Current IP cache path is f:/work/Izhevsk_project_2_1/Izhevsk_project_2_1/projects/Kintex_DSP_Lite/Kintex_DSP_Lite.cache/ip 
Command: synth_design -top design_1_vio_0_0 -part xc7k325tffg676-2 -mode out_of_context
Starting synth_design
Attempting to get a license for feature 'Synthesis' and/or device 'xc7k325t'
INFO: [Common 17-349] Got license for feature 'Synthesis' and/or device 'xc7k325t'
INFO: [Device 21-403] Loading part xc7k325tffg676-2
INFO: Launching helper process for spawning children vivado processes
INFO: Helper process launched with PID 8120 
---------------------------------------------------------------------------------
Starting RTL Elaboration : Time (s): cpu = 00:00:05 ; elapsed = 00:00:07 . Memory (MB): peak = 871.520 ; gain = 178.312
---------------------------------------------------------------------------------
INFO: [Synth 8-6157] synthesizing module 'design_1_vio_0_0' [f:/work/Izhevsk_project_2_1/Izhevsk_project_2_1/projects/Kintex_DSP_Lite/Kintex_DSP_Lite.srcs/sources_1/bd/design_1/ip/design_1_vio_0_0/synth/design_1_vio_0_0.v:59]
WARNING: [Synth 8-3848] Net sl_iport0 in module/entity design_1_vio_0_0 does not have driver. [f:/work/Izhevsk_project_2_1/Izhevsk_project_2_1/projects/Kintex_DSP_Lite/Kintex_DSP_Lite.srcs/sources_1/bd/design_1/ip/design_1_vio_0_0/synth/design_1_vio_0_0.v:88]
INFO: [Synth 8-6155] done synthesizing module 'design_1_vio_0_0' (8#1) [f:/work/Izhevsk_project_2_1/Izhevsk_project_2_1/projects/Kintex_DSP_Lite/Kintex_DSP_Lite.srcs/sources_1/bd/design_1/ip/design_1_vio_0_0/synth/design_1_vio_0_0.v:59]
WARNING: [Synth 8-3331] design vio_v3_0_20_probe_out_one__parameterized3 has unconnected port Bus_rst
WARNING: [Synth 8-3331] design vio_v3_0_20_probe_out_one__parameterized3 has unconnected port Read
WARNING: [Synth 8-3331] design vio_v3_0_20_probe_out_one__parameterized3 has unconnected port Bus_Data_in[15]
WARNING: [Synth 8-3331] design vio_v3_0_20_probe_out_one__parameterized3 has unconnected port Bus_Data_in[14]
WARNING: [Synth 8-3331] design vio_v3_0_20_probe_out_one__parameterized3 has unconnected port Bus_Data_in[13]
WARNING: [Synth 8-3331] design vio_v3_0_20_probe_out_one__parameterized3 has unconnected port Bus_Data_in[12]
WARNING: [Synth 8-3331] design vio_v3_0_20_probe_out_one__parameterized3 has unconnected port Bus_Data_in[11]
WARNING: [Synth 8-3331] design vio_v3_0_20_probe_out_one__parameterized3 has unconnected port Bus_Data_in[10]
WARNING: [Synth 8-3331] design vio_v3_0_20_probe_out_one__parameterized3 has unconnected port Bus_Data_in[9]
WARNING: [Synth 8-3331] design vio_v3_0_20_probe_out_one__parameterized3 has unconnected port Bus_Data_in[8]
WARNING: [Synth 8-3331] design vio_v3_0_20_probe_out_one__parameterized3 has unconnected port Bus_Data_in[7]
WARNING: [Synth 8-3331] design vio_v3_0_20_probe_out_one__parameterized3 has unconnected port Bus_Data_in[6]
WARNING: [Synth 8-3331] design vio_v3_0_20_probe_out_one__parameterized3 has unconnected port Bus_Data_in[5]
WARNING: [Synth 8-3331] design vio_v3_0_20_probe_out_one__parameterized3 has unconnected port Bus_Data_in[4]
WARNING: [Synth 8-3331] design vio_v3_0_20_probe_out_one__parameterized3 has unconnected port Bus_Data_in[3]
WARNING: [Synth 8-3331] design vio_v3_0_20_probe_out_one__parameterized3 has unconnected port Bus_Data_in[2]
WARNING: [Synth 8-3331] design vio_v3_0_20_probe_out_one__parameterized3 has unconnected port Bus_Data_in[1]
WARNING: [Synth 8-3331] design vio_v3_0_20_probe_out_one__parameterized3 has unconnected port Internal_cnt_rst
WARNING: [Synth 8-3331] design vio_v3_0_20_probe_out_one__parameterized4 has unconnected port Bus_rst
WARNING: [Synth 8-3331] design vio_v3_0_20_probe_out_one__parameterized4 has unconnected port Read
WARNING: [Synth 8-3331] design vio_v3_0_20_probe_out_one__parameterized4 has unconnected port Bus_Data_in[15]
WARNING: [Synth 8-3331] design vio_v3_0_20_probe_out_one__parameterized4 has unconnected port Bus_Data_in[14]
WARNING: [Synth 8-3331] design vio_v3_0_20_probe_out_one__parameterized4 has unconnected port Bus_Data_in[13]
WARNING: [Synth 8-3331] design vio_v3_0_20_probe_out_one__parameterized4 has unconnected port Bus_Data_in[12]
WARNING: [Synth 8-3331] design vio_v3_0_20_probe_out_one__parameterized4 has unconnected port Bus_Data_in[11]
WARNING: [Synth 8-3331] design vio_v3_0_20_probe_out_one__parameterized4 has unconnected port Bus_Data_in[10]
WARNING: [Synth 8-3331] design vio_v3_0_20_probe_out_one__parameterized4 has unconnected port Bus_Data_in[9]
WARNING: [Synth 8-3331] design vio_v3_0_20_probe_out_one__parameterized4 has unconnected port Bus_Data_in[8]
WARNING: [Synth 8-3331] design vio_v3_0_20_probe_out_one__parameterized4 has unconnected port Bus_Data_in[7]
WARNING: [Synth 8-3331] design vio_v3_0_20_probe_out_one__parameterized4 has unconnected port Bus_Data_in[6]
WARNING: [Synth 8-3331] design vio_v3_0_20_probe_out_one__parameterized4 has unconnected port Bus_Data_in[5]
WARNING: [Synth 8-3331] design vio_v3_0_20_probe_out_one__parameterized4 has unconnected port Bus_Data_in[4]
WARNING: [Synth 8-3331] design vio_v3_0_20_probe_out_one__parameterized4 has unconnected port Bus_Data_in[3]
WARNING: [Synth 8-3331] design vio_v3_0_20_probe_out_one__parameterized4 has unconnected port Internal_cnt_rst
WARNING: [Synth 8-3331] design vio_v3_0_20_probe_out_one__parameterized2 has unconnected port Bus_rst
WARNING: [Synth 8-3331] design vio_v3_0_20_probe_out_one__parameterized1 has unconnected port Bus_rst
WARNING: [Synth 8-3331] design vio_v3_0_20_probe_out_one__parameterized1 has unconnected port Read
WARNING: [Synth 8-3331] design vio_v3_0_20_probe_out_one__parameterized1 has unconnected port Bus_Data_in[15]
WARNING: [Synth 8-3331] design vio_v3_0_20_probe_out_one__parameterized1 has unconnected port Bus_Data_in[14]
WARNING: [Synth 8-3331] design vio_v3_0_20_probe_out_one__parameterized1 has unconnected port Internal_cnt_rst
WARNING: [Synth 8-3331] design vio_v3_0_20_probe_out_one__parameterized0 has unconnected port Bus_rst
WARNING: [Synth 8-3331] design vio_v3_0_20_probe_out_one__parameterized0 has unconnected port Read
WARNING: [Synth 8-3331] design vio_v3_0_20_probe_out_one__parameterized0 has unconnected port Bus_Data_in[15]
WARNING: [Synth 8-3331] design vio_v3_0_20_probe_out_one__parameterized0 has unconnected port Bus_Data_in[14]
WARNING: [Synth 8-3331] design vio_v3_0_20_probe_out_one__parameterized0 has unconnected port Bus_Data_in[13]
WARNING: [Synth 8-3331] design vio_v3_0_20_probe_out_one__parameterized0 has unconnected port Bus_Data_in[12]
WARNING: [Synth 8-3331] design vio_v3_0_20_probe_out_one__parameterized0 has unconnected port Bus_Data_in[11]
WARNING: [Synth 8-3331] design vio_v3_0_20_probe_out_one__parameterized0 has unconnected port Bus_Data_in[10]
WARNING: [Synth 8-3331] design vio_v3_0_20_probe_out_one__parameterized0 has unconnected port Bus_Data_in[9]
WARNING: [Synth 8-3331] design vio_v3_0_20_probe_out_one__parameterized0 has unconnected port Bus_Data_in[8]
WARNING: [Synth 8-3331] design vio_v3_0_20_probe_out_one__parameterized0 has unconnected port Bus_Data_in[7]
WARNING: [Synth 8-3331] design vio_v3_0_20_probe_out_one__parameterized0 has unconnected port Bus_Data_in[6]
WARNING: [Synth 8-3331] design vio_v3_0_20_probe_out_one__parameterized0 has unconnected port Bus_Data_in[5]
WARNING: [Synth 8-3331] design vio_v3_0_20_probe_out_one__parameterized0 has unconnected port Bus_Data_in[4]
WARNING: [Synth 8-3331] design vio_v3_0_20_probe_out_one__parameterized0 has unconnected port Bus_Data_in[3]
WARNING: [Synth 8-3331] design vio_v3_0_20_probe_out_one__parameterized0 has unconnected port Internal_cnt_rst
WARNING: [Synth 8-3331] design vio_v3_0_20_probe_out_one has unconnected port Bus_rst
WARNING: [Synth 8-3331] design vio_v3_0_20_probe_out_one has unconnected port Read
WARNING: [Synth 8-3331] design vio_v3_0_20_probe_out_one has unconnected port Bus_Data_in[15]
WARNING: [Synth 8-3331] design vio_v3_0_20_probe_out_one has unconnected port Bus_Data_in[14]
WARNING: [Synth 8-3331] design vio_v3_0_20_probe_out_one has unconnected port Bus_Data_in[13]
WARNING: [Synth 8-3331] design vio_v3_0_20_probe_out_one has unconnected port Bus_Data_in[12]
WARNING: [Synth 8-3331] design vio_v3_0_20_probe_out_one has unconnected port Bus_Data_in[11]
WARNING: [Synth 8-3331] design vio_v3_0_20_probe_out_one has unconnected port Bus_Data_in[10]
WARNING: [Synth 8-3331] design vio_v3_0_20_probe_out_one has unconnected port Bus_Data_in[9]
WARNING: [Synth 8-3331] design vio_v3_0_20_probe_out_one has unconnected port Bus_Data_in[8]
WARNING: [Synth 8-3331] design vio_v3_0_20_probe_out_one has unconnected port Bus_Data_in[7]
WARNING: [Synth 8-3331] design vio_v3_0_20_probe_out_one has unconnected port Bus_Data_in[6]
WARNING: [Synth 8-3331] design vio_v3_0_20_probe_out_one has unconnected port Bus_Data_in[5]
WARNING: [Synth 8-3331] design vio_v3_0_20_probe_out_one has unconnected port Bus_Data_in[4]
WARNING: [Synth 8-3331] design vio_v3_0_20_probe_out_one has unconnected port Internal_cnt_rst
WARNING: [Synth 8-3331] design vio_v3_0_20_vio has unconnected port probe_in3[0]
WARNING: [Synth 8-3331] design vio_v3_0_20_vio has unconnected port probe_in4[0]
WARNING: [Synth 8-3331] design vio_v3_0_20_vio has unconnected port probe_in5[0]
WARNING: [Synth 8-3331] design vio_v3_0_20_vio has unconnected port probe_in6[0]
WARNING: [Synth 8-3331] design vio_v3_0_20_vio has unconnected port probe_in7[0]
WARNING: [Synth 8-3331] design vio_v3_0_20_vio has unconnected port probe_in8[0]
WARNING: [Synth 8-3331] design vio_v3_0_20_vio has unconnected port probe_in9[0]
WARNING: [Synth 8-3331] design vio_v3_0_20_vio has unconnected port probe_in10[0]
WARNING: [Synth 8-3331] design vio_v3_0_20_vio has unconnected port probe_in11[0]
WARNING: [Synth 8-3331] design vio_v3_0_20_vio has unconnected port probe_in12[0]
WARNING: [Synth 8-3331] design vio_v3_0_20_vio has unconnected port probe_in13[0]
WARNING: [Synth 8-3331] design vio_v3_0_20_vio has unconnected port probe_in14[0]
WARNING: [Synth 8-3331] design vio_v3_0_20_vio has unconnected port probe_in15[0]
WARNING: [Synth 8-3331] design vio_v3_0_20_vio has unconnected port probe_in16[0]
WARNING: [Synth 8-3331] design vio_v3_0_20_vio has unconnected port probe_in17[0]
WARNING: [Synth 8-3331] design vio_v3_0_20_vio has unconnected port probe_in18[0]
WARNING: [Synth 8-3331] design vio_v3_0_20_vio has unconnected port probe_in19[0]
WARNING: [Synth 8-3331] design vio_v3_0_20_vio has unconnected port probe_in20[0]
WARNING: [Synth 8-3331] design vio_v3_0_20_vio has unconnected port probe_in21[0]
WARNING: [Synth 8-3331] design vio_v3_0_20_vio has unconnected port probe_in22[0]
WARNING: [Synth 8-3331] design vio_v3_0_20_vio has unconnected port probe_in23[0]
WARNING: [Synth 8-3331] design vio_v3_0_20_vio has unconnected port probe_in24[0]
WARNING: [Synth 8-3331] design vio_v3_0_20_vio has unconnected port probe_in25[0]
WARNING: [Synth 8-3331] design vio_v3_0_20_vio has unconnected port probe_in26[0]
WARNING: [Synth 8-3331] design vio_v3_0_20_vio has unconnected port probe_in27[0]
WARNING: [Synth 8-3331] design vio_v3_0_20_vio has unconnected port probe_in28[0]
WARNING: [Synth 8-3331] design vio_v3_0_20_vio has unconnected port probe_in29[0]
WARNING: [Synth 8-3331] design vio_v3_0_20_vio has unconnected port probe_in30[0]
WARNING: [Synth 8-3331] design vio_v3_0_20_vio has unconnected port probe_in31[0]
INFO: [Common 17-14] Message 'Synth 8-3331' appears 100 times and further instances of the messages will be disabled. Use the Tcl command set_msg_config to change the current settings.
---------------------------------------------------------------------------------
Finished RTL Elaboration : Time (s): cpu = 00:00:07 ; elapsed = 00:00:09 . Memory (MB): peak = 945.578 ; gain = 252.371
---------------------------------------------------------------------------------

Report Check Netlist: 
+------+------------------+-------+---------+-------+------------------+
|      |Item              |Errors |Warnings |Status |Description       |
+------+------------------+-------+---------+-------+------------------+
|1     |multi_driven_nets |      0|        0|Passed |Multi driven nets |
+------+------------------+-------+---------+-------+------------------+
---------------------------------------------------------------------------------
Start Handling Custom Attributes
---------------------------------------------------------------------------------
---------------------------------------------------------------------------------
Finished Handling Custom Attributes : Time (s): cpu = 00:00:07 ; elapsed = 00:00:09 . Memory (MB): peak = 945.578 ; gain = 252.371
---------------------------------------------------------------------------------
---------------------------------------------------------------------------------
Finished RTL Optimization Phase 1 : Time (s): cpu = 00:00:07 ; elapsed = 00:00:09 . Memory (MB): peak = 945.578 ; gain = 252.371
---------------------------------------------------------------------------------
INFO: [Project 1-570] Preparing netlist for logic optimization

Processing XDC Constraints
Initializing timing engine
Parsing XDC File [f:/work/Izhevsk_project_2_1/Izhevsk_project_2_1/projects/Kintex_DSP_Lite/Kintex_DSP_Lite.srcs/sources_1/bd/design_1/ip/design_1_vio_0_0/design_1_vio_0_0_ooc.xdc]
Finished Parsing XDC File [f:/work/Izhevsk_project_2_1/Izhevsk_project_2_1/projects/Kintex_DSP_Lite/Kintex_DSP_Lite.srcs/sources_1/bd/design_1/ip/design_1_vio_0_0/design_1_vio_0_0_ooc.xdc]
Parsing XDC File [f:/work/Izhevsk_project_2_1/Izhevsk_project_2_1/projects/Kintex_DSP_Lite/Kintex_DSP_Lite.srcs/sources_1/bd/design_1/ip/design_1_vio_0_0/design_1_vio_0_0.xdc]
Finished Parsing XDC File [f:/work/Izhevsk_project_2_1/Izhevsk_project_2_1/projects/Kintex_DSP_Lite/Kintex_DSP_Lite.srcs/sources_1/bd/design_1/ip/design_1_vio_0_0/design_1_vio_0_0.xdc]
Completed Processing XDC Constraints

Netlist sorting complete. Time (s): cpu = 00:00:00 ; elapsed = 00:00:00 . Memory (MB): peak = 1066.180 ; gain = 0.000
INFO: [Project 1-111] Unisim Transformation Summary:
No Unisim elements were transformed.

Constraint Validation Runtime : Time (s): cpu = 00:00:01 ; elapsed = 00:00:00.094 . Memory (MB): peak = 1077.746 ; gain = 11.566
---------------------------------------------------------------------------------
Finished Constraint Validation : Time (s): cpu = 00:00:13 ; elapsed = 00:00:16 . Memory (MB): peak = 1077.746 ; gain = 384.539
---------------------------------------------------------------------------------
---------------------------------------------------------------------------------
Start Loading Part and Timing Information
---------------------------------------------------------------------------------
Loading part: xc7k325tffg676-2
---------------------------------------------------------------------------------
Finished Loading Part and Timing Information : Time (s): cpu = 00:00:13 ; elapsed = 00:00:16 . Memory (MB): peak = 1077.746 ; gain = 384.539
---------------------------------------------------------------------------------
---------------------------------------------------------------------------------
Start Applying 'set_property' XDC Constraints
---------------------------------------------------------------------------------
---------------------------------------------------------------------------------
Finished applying 'set_property' XDC Constraints : Time (s): cpu = 00:00:13 ; elapsed = 00:00:16 . Memory (MB): peak = 1077.746 ; gain = 384.539
---------------------------------------------------------------------------------
---------------------------------------------------------------------------------
Finished RTL Optimization Phase 2 : Time (s): cpu = 00:00:14 ; elapsed = 00:00:17 . Memory (MB): peak = 1077.746 ; gain = 384.539
---------------------------------------------------------------------------------

Report RTL Partitions: 
+-+--------------+------------+----------+
| |RTL Partition |Replication |Instances |
+-+--------------+------------+----------+
+-+--------------+------------+----------+
---------------------------------------------------------------------------------
Start RTL Component Statistics 
---------------------------------------------------------------------------------
Detailed RTL Component Info : 
+---Adders : 
	   2 Input      4 Bit       Adders := 1     
	   2 Input      2 Bit       Adders := 2     
	   2 Input      1 Bit       Adders := 1     
+---Registers : 
	              128 Bit    Registers := 1     
	               63 Bit    Registers := 3     
	               24 Bit    Registers := 1     
	               16 Bit    Registers := 18    
	               14 Bit    Registers := 1     
	               13 Bit    Registers := 1     
	                7 Bit    Registers := 1     
	                5 Bit    Registers := 1     
	                4 Bit    Registers := 2     
	                3 Bit    Registers := 5     
	                2 Bit    Registers := 2     
	                1 Bit    Registers := 25    
+---Muxes : 
	   4 Input     16 Bit        Muxes := 1     
	   2 Input     16 Bit        Muxes := 4     
	   4 Input     13 Bit        Muxes := 1     
	   2 Input      1 Bit        Muxes := 14    
---------------------------------------------------------------------------------
Finished RTL Component Statistics 
---------------------------------------------------------------------------------
---------------------------------------------------------------------------------
Start RTL Hierarchical Component Statistics 
---------------------------------------------------------------------------------
Hierarchical RTL Component report 
Module vio_v3_0_20_probe_in_one 
Detailed RTL Component Info : 
+---Adders : 
	   2 Input      4 Bit       Adders := 1     
+---Registers : 
	               63 Bit    Registers := 3     
	               16 Bit    Registers := 1     
	                4 Bit    Registers := 1     
	                1 Bit    Registers := 1     
+---Muxes : 
	   4 Input     16 Bit        Muxes := 1     
Module vio_v3_0_20_probe_width 
Detailed RTL Component Info : 
+---Adders : 
	   2 Input      1 Bit       Adders := 1     
+---Registers : 
	               16 Bit    Registers := 1     
	                1 Bit    Registers := 1     
Module vio_v3_0_20_probe_out_one 
Detailed RTL Component Info : 
+---Registers : 
	               16 Bit    Registers := 1     
	                4 Bit    Registers := 1     
+---Muxes : 
	   2 Input      1 Bit        Muxes := 1     
Module vio_v3_0_20_probe_out_one__parameterized0 
Detailed RTL Component Info : 
+---Registers : 
	               16 Bit    Registers := 1     
	                3 Bit    Registers := 1     
+---Muxes : 
	   2 Input      1 Bit        Muxes := 1     
Module vio_v3_0_20_probe_out_one__parameterized1 
Detailed RTL Component Info : 
+---Registers : 
	               16 Bit    Registers := 1     
	               14 Bit    Registers := 1     
+---Muxes : 
	   2 Input      1 Bit        Muxes := 1     
Module vio_v3_0_20_probe_out_one__parameterized2 
Detailed RTL Component Info : 
+---Adders : 
	   2 Input      2 Bit       Adders := 1     
+---Registers : 
	               24 Bit    Registers := 1     
	               16 Bit    Registers := 3     
	                2 Bit    Registers := 1     
+---Muxes : 
	   2 Input     16 Bit        Muxes := 2     
	   2 Input      1 Bit        Muxes := 1     
Module vio_v3_0_20_probe_out_one__parameterized3 
Detailed RTL Component Info : 
+---Registers : 
	               16 Bit    Registers := 1     
	                1 Bit    Registers := 1     
+---Muxes : 
	   2 Input      1 Bit        Muxes := 1     
Module vio_v3_0_20_probe_out_one__parameterized4 
Detailed RTL Component Info : 
+---Registers : 
	               16 Bit    Registers := 1     
	                3 Bit    Registers := 1     
+---Muxes : 
	   2 Input      1 Bit        Muxes := 1     
Module vio_v3_0_20_probe_out_all 
Detailed RTL Component Info : 
+---Registers : 
	               16 Bit    Registers := 1     
	                3 Bit    Registers := 1     
	                1 Bit    Registers := 10    
+---Muxes : 
	   2 Input      1 Bit        Muxes := 2     
Module vio_v3_0_20_probe_width__parameterized0 
Detailed RTL Component Info : 
+---Adders : 
	   2 Input      2 Bit       Adders := 1     
+---Registers : 
	               13 Bit    Registers := 1     
	                2 Bit    Registers := 1     
+---Muxes : 
	   4 Input     13 Bit        Muxes := 1     
Module xsdbs_v1_0_2_xsdbs 
Detailed RTL Component Info : 
+---Registers : 
	              128 Bit    Registers := 1     
	               16 Bit    Registers := 2     
	                1 Bit    Registers := 1     
+---Muxes : 
	   2 Input     16 Bit        Muxes := 1     
	   2 Input      1 Bit        Muxes := 1     
Module vio_v3_0_20_decoder 
Detailed RTL Component Info : 
+---Registers : 
	               16 Bit    Registers := 2     
	                7 Bit    Registers := 1     
	                5 Bit    Registers := 1     
	                3 Bit    Registers := 2     
	                1 Bit    Registers := 9     
+---Muxes : 
	   2 Input     16 Bit        Muxes := 1     
	   2 Input      1 Bit        Muxes := 3     
Module vio_v3_0_20_vio 
Detailed RTL Component Info : 
+---Registers : 
	               16 Bit    Registers := 1     
---------------------------------------------------------------------------------
Finished RTL Hierarchical Component Statistics
---------------------------------------------------------------------------------
---------------------------------------------------------------------------------
Start Part Resource Summary
---------------------------------------------------------------------------------
Part Resources:
DSPs: 840 (col length:140)
BRAMs: 890 (col length: RAMB18 140 RAMB36 70)
---------------------------------------------------------------------------------
Finished Part Resource Summary
---------------------------------------------------------------------------------
---------------------------------------------------------------------------------
Start Cross Boundary and Area Optimization
---------------------------------------------------------------------------------
Warning: Parallel synthesis criteria is not met 
INFO: [Synth 8-3886] merging instance 'inst/PROBE_OUT_ALL_INST/G_PROBE_OUT[7].PROBE_OUT0_INST/data_int_reg[1]' (FDRE) to 'inst/PROBE_OUT_ALL_INST/G_PROBE_OUT[7].PROBE_OUT0_INST/data_int_reg[2]'
INFO: [Synth 8-3886] merging instance 'inst/PROBE_OUT_ALL_INST/G_PROBE_OUT[5].PROBE_OUT0_INST/data_int_reg[1]' (FDRE) to 'inst/PROBE_OUT_ALL_INST/G_PROBE_OUT[5].PROBE_OUT0_INST/data_int_reg[2]'
INFO: [Synth 8-3886] merging instance 'inst/PROBE_OUT_ALL_INST/G_PROBE_OUT[4].PROBE_OUT0_INST/data_int_reg[1]' (FDRE) to 'inst/PROBE_OUT_ALL_INST/G_PROBE_OUT[4].PROBE_OUT0_INST/data_int_reg[2]'
INFO: [Synth 8-3886] merging instance 'inst/PROBE_OUT_ALL_INST/G_PROBE_OUT[7].PROBE_OUT0_INST/data_int_reg[2]' (FDRE) to 'inst/PROBE_OUT_ALL_INST/G_PROBE_OUT[7].PROBE_OUT0_INST/data_int_reg[3]'
INFO: [Synth 8-3886] merging instance 'inst/PROBE_OUT_ALL_INST/G_PROBE_OUT[5].PROBE_OUT0_INST/data_int_reg[2]' (FDRE) to 'inst/PROBE_OUT_ALL_INST/G_PROBE_OUT[5].PROBE_OUT0_INST/data_int_reg[3]'
INFO: [Synth 8-3886] merging instance 'inst/PROBE_OUT_ALL_INST/G_PROBE_OUT[4].PROBE_OUT0_INST/data_int_reg[2]' (FDRE) to 'inst/PROBE_OUT_ALL_INST/G_PROBE_OUT[4].PROBE_OUT0_INST/data_int_reg[3]'
INFO: [Synth 8-3886] merging instance 'inst/PROBE_OUT_ALL_INST/G_PROBE_OUT[7].PROBE_OUT0_INST/data_int_reg[3]' (FDRE) to 'inst/PROBE_OUT_ALL_INST/G_PROBE_OUT[7].PROBE_OUT0_INST/data_int_reg[4]'
INFO: [Synth 8-3886] merging instance 'inst/PROBE_OUT_ALL_INST/G_PROBE_OUT[6].PROBE_OUT0_INST/data_int_reg[3]' (FDRE) to 'inst/PROBE_OUT_ALL_INST/G_PROBE_OUT[6].PROBE_OUT0_INST/data_int_reg[4]'
INFO: [Synth 8-3886] merging instance 'inst/PROBE_OUT_ALL_INST/G_PROBE_OUT[5].PROBE_OUT0_INST/data_int_reg[3]' (FDRE) to 'inst/PROBE_OUT_ALL_INST/G_PROBE_OUT[5].PROBE_OUT0_INST/data_int_reg[4]'
INFO: [Synth 8-3886] merging instance 'inst/PROBE_OUT_ALL_INST/G_PROBE_OUT[4].PROBE_OUT0_INST/data_int_reg[3]' (FDRE) to 'inst/PROBE_OUT_ALL_INST/G_PROBE_OUT[4].PROBE_OUT0_INST/data_int_reg[4]'
INFO: [Synth 8-3886] merging instance 'inst/PROBE_OUT_ALL_INST/G_PROBE_OUT[1].PROBE_OUT0_INST/data_int_reg[3]' (FDRE) to 'inst/PROBE_OUT_ALL_INST/G_PROBE_OUT[1].PROBE_OUT0_INST/data_int_reg[4]'
INFO: [Synth 8-3886] merging instance 'inst/PROBE_OUT_ALL_INST/G_PROBE_OUT[7].PROBE_OUT0_INST/data_int_reg[4]' (FDRE) to 'inst/PROBE_OUT_ALL_INST/G_PROBE_OUT[7].PROBE_OUT0_INST/data_int_reg[5]'
INFO: [Synth 8-3886] merging instance 'inst/PROBE_OUT_ALL_INST/G_PROBE_OUT[6].PROBE_OUT0_INST/data_int_reg[4]' (FDRE) to 'inst/PROBE_OUT_ALL_INST/G_PROBE_OUT[6].PROBE_OUT0_INST/data_int_reg[5]'
INFO: [Synth 8-3886] merging instance 'inst/PROBE_OUT_ALL_INST/G_PROBE_OUT[5].PROBE_OUT0_INST/data_int_reg[4]' (FDRE) to 'inst/PROBE_OUT_ALL_INST/G_PROBE_OUT[5].PROBE_OUT0_INST/data_int_reg[5]'
INFO: [Synth 8-3886] merging instance 'inst/PROBE_OUT_ALL_INST/G_PROBE_OUT[4].PROBE_OUT0_INST/data_int_reg[4]' (FDRE) to 'inst/PROBE_OUT_ALL_INST/G_PROBE_OUT[4].PROBE_OUT0_INST/data_int_reg[5]'
INFO: [Synth 8-3886] merging instance 'inst/PROBE_OUT_ALL_INST/G_PROBE_OUT[1].PROBE_OUT0_INST/data_int_reg[4]' (FDRE) to 'inst/PROBE_OUT_ALL_INST/G_PROBE_OUT[1].PROBE_OUT0_INST/data_int_reg[5]'
INFO: [Synth 8-3886] merging instance 'inst/PROBE_OUT_ALL_INST/G_PROBE_OUT[0].PROBE_OUT0_INST/data_int_reg[4]' (FDRE) to 'inst/PROBE_OUT_ALL_INST/G_PROBE_OUT[0].PROBE_OUT0_INST/data_int_reg[5]'
INFO: [Synth 8-3886] merging instance 'inst/PROBE_OUT_ALL_INST/G_PROBE_OUT[7].PROBE_OUT0_INST/data_int_reg[5]' (FDRE) to 'inst/PROBE_OUT_ALL_INST/G_PROBE_OUT[7].PROBE_OUT0_INST/data_int_reg[6]'
INFO: [Synth 8-3886] merging instance 'inst/PROBE_OUT_ALL_INST/G_PROBE_OUT[6].PROBE_OUT0_INST/data_int_reg[5]' (FDRE) to 'inst/PROBE_OUT_ALL_INST/G_PROBE_OUT[6].PROBE_OUT0_INST/data_int_reg[6]'
INFO: [Synth 8-3886] merging instance 'inst/PROBE_OUT_ALL_INST/G_PROBE_OUT[5].PROBE_OUT0_INST/data_int_reg[5]' (FDRE) to 'inst/PROBE_OUT_ALL_INST/G_PROBE_OUT[5].PROBE_OUT0_INST/data_int_reg[6]'
INFO: [Synth 8-3886] merging instance 'inst/PROBE_OUT_ALL_INST/G_PROBE_OUT[4].PROBE_OUT0_INST/data_int_reg[5]' (FDRE) to 'inst/PROBE_OUT_ALL_INST/G_PROBE_OUT[4].PROBE_OUT0_INST/data_int_reg[6]'
INFO: [Synth 8-3886] merging instance 'inst/PROBE_OUT_ALL_INST/G_PROBE_OUT[1].PROBE_OUT0_INST/data_int_reg[5]' (FDRE) to 'inst/PROBE_OUT_ALL_INST/G_PROBE_OUT[1].PROBE_OUT0_INST/data_int_reg[6]'
INFO: [Synth 8-3886] merging instance 'inst/PROBE_OUT_ALL_INST/G_PROBE_OUT[0].PROBE_OUT0_INST/data_int_reg[5]' (FDRE) to 'inst/PROBE_OUT_ALL_INST/G_PROBE_OUT[0].PROBE_OUT0_INST/data_int_reg[6]'
INFO: [Synth 8-3886] merging instance 'inst/PROBE_OUT_ALL_INST/G_PROBE_OUT[7].PROBE_OUT0_INST/data_int_reg[6]' (FDRE) to 'inst/PROBE_OUT_ALL_INST/G_PROBE_OUT[7].PROBE_OUT0_INST/data_int_reg[7]'
INFO: [Synth 8-3886] merging instance 'inst/PROBE_OUT_ALL_INST/G_PROBE_OUT[6].PROBE_OUT0_INST/data_int_reg[6]' (FDRE) to 'inst/PROBE_OUT_ALL_INST/G_PROBE_OUT[6].PROBE_OUT0_INST/data_int_reg[7]'
INFO: [Synth 8-3886] merging instance 'inst/PROBE_OUT_ALL_INST/G_PROBE_OUT[5].PROBE_OUT0_INST/data_int_reg[6]' (FDRE) to 'inst/PROBE_OUT_ALL_INST/G_PROBE_OUT[5].PROBE_OUT0_INST/data_int_reg[7]'
INFO: [Synth 8-3886] merging instance 'inst/PROBE_OUT_ALL_INST/G_PROBE_OUT[4].PROBE_OUT0_INST/data_int_reg[6]' (FDRE) to 'inst/PROBE_OUT_ALL_INST/G_PROBE_OUT[4].PROBE_OUT0_INST/data_int_reg[7]'
INFO: [Synth 8-3886] merging instance 'inst/PROBE_OUT_ALL_INST/G_PROBE_OUT[1].PROBE_OUT0_INST/data_int_reg[6]' (FDRE) to 'inst/PROBE_OUT_ALL_INST/G_PROBE_OUT[1].PROBE_OUT0_INST/data_int_reg[7]'
INFO: [Synth 8-3886] merging instance 'inst/PROBE_OUT_ALL_INST/G_PROBE_OUT[0].PROBE_OUT0_INST/data_int_reg[6]' (FDRE) to 'inst/PROBE_OUT_ALL_INST/G_PROBE_OUT[0].PROBE_OUT0_INST/data_int_reg[7]'
INFO: [Synth 8-3886] merging instance 'inst/PROBE_OUT_ALL_INST/G_PROBE_OUT[7].PROBE_OUT0_INST/data_int_reg[7]' (FDRE) to 'inst/PROBE_OUT_ALL_INST/G_PROBE_OUT[7].PROBE_OUT0_INST/data_int_reg[8]'
INFO: [Synth 8-3886] merging instance 'inst/PROBE_OUT_ALL_INST/G_PROBE_OUT[6].PROBE_OUT0_INST/data_int_reg[7]' (FDRE) to 'inst/PROBE_OUT_ALL_INST/G_PROBE_OUT[6].PROBE_OUT0_INST/data_int_reg[8]'
INFO: [Synth 8-3886] merging instance 'inst/PROBE_OUT_ALL_INST/G_PROBE_OUT[5].PROBE_OUT0_INST/data_int_reg[7]' (FDRE) to 'inst/PROBE_OUT_ALL_INST/G_PROBE_OUT[5].PROBE_OUT0_INST/data_int_reg[8]'
INFO: [Synth 8-3886] merging instance 'inst/PROBE_OUT_ALL_INST/G_PROBE_OUT[4].PROBE_OUT0_INST/data_int_reg[7]' (FDRE) to 'inst/PROBE_OUT_ALL_INST/G_PROBE_OUT[4].PROBE_OUT0_INST/data_int_reg[8]'
INFO: [Synth 8-3886] merging instance 'inst/PROBE_OUT_ALL_INST/G_PROBE_OUT[1].PROBE_OUT0_INST/data_int_reg[7]' (FDRE) to 'inst/PROBE_OUT_ALL_INST/G_PROBE_OUT[1].PROBE_OUT0_INST/data_int_reg[8]'
INFO: [Synth 8-3886] merging instance 'inst/PROBE_OUT_ALL_INST/G_PROBE_OUT[0].PROBE_OUT0_INST/data_int_reg[7]' (FDRE) to 'inst/PROBE_OUT_ALL_INST/G_PROBE_OUT[0].PROBE_OUT0_INST/data_int_reg[8]'
INFO: [Synth 8-3886] merging instance 'inst/PROBE_OUT_ALL_INST/G_PROBE_OUT[7].PROBE_OUT0_INST/data_int_reg[8]' (FDRE) to 'inst/PROBE_OUT_ALL_INST/G_PROBE_OUT[7].PROBE_OUT0_INST/data_int_reg[9]'
INFO: [Synth 8-3886] merging instance 'inst/PROBE_OUT_ALL_INST/G_PROBE_OUT[6].PROBE_OUT0_INST/data_int_reg[8]' (FDRE) to 'inst/PROBE_OUT_ALL_INST/G_PROBE_OUT[6].PROBE_OUT0_INST/data_int_reg[9]'
INFO: [Synth 8-3886] merging instance 'inst/PROBE_OUT_ALL_INST/G_PROBE_OUT[5].PROBE_OUT0_INST/data_int_reg[8]' (FDRE) to 'inst/PROBE_OUT_ALL_INST/G_PROBE_OUT[5].PROBE_OUT0_INST/data_int_reg[9]'
INFO: [Synth 8-3886] merging instance 'inst/PROBE_OUT_ALL_INST/G_PROBE_OUT[4].PROBE_OUT0_INST/data_int_reg[8]' (FDRE) to 'inst/PROBE_OUT_ALL_INST/G_PROBE_OUT[4].PROBE_OUT0_INST/data_int_reg[9]'
INFO: [Synth 8-3886] merging instance 'inst/PROBE_OUT_ALL_INST/G_PROBE_OUT[1].PROBE_OUT0_INST/data_int_reg[8]' (FDRE) to 'inst/PROBE_OUT_ALL_INST/G_PROBE_OUT[1].PROBE_OUT0_INST/data_int_reg[9]'
INFO: [Synth 8-3886] merging instance 'inst/PROBE_OUT_ALL_INST/G_PROBE_OUT[0].PROBE_OUT0_INST/data_int_reg[8]' (FDRE) to 'inst/PROBE_OUT_ALL_INST/G_PROBE_OUT[0].PROBE_OUT0_INST/data_int_reg[9]'
INFO: [Synth 8-3886] merging instance 'inst/PROBE_OUT_ALL_INST/G_PROBE_OUT[7].PROBE_OUT0_INST/data_int_reg[9]' (FDRE) to 'inst/PROBE_OUT_ALL_INST/G_PROBE_OUT[7].PROBE_OUT0_INST/data_int_reg[10]'
INFO: [Synth 8-3886] merging instance 'inst/PROBE_OUT_ALL_INST/G_PROBE_OUT[6].PROBE_OUT0_INST/data_int_reg[9]' (FDRE) to 'inst/PROBE_OUT_ALL_INST/G_PROBE_OUT[6].PROBE_OUT0_INST/data_int_reg[10]'
INFO: [Synth 8-3886] merging instance 'inst/PROBE_OUT_ALL_INST/G_PROBE_OUT[5].PROBE_OUT0_INST/data_int_reg[9]' (FDRE) to 'inst/PROBE_OUT_ALL_INST/G_PROBE_OUT[5].PROBE_OUT0_INST/data_int_reg[10]'
INFO: [Synth 8-3886] merging instance 'inst/PROBE_OUT_ALL_INST/G_PROBE_OUT[4].PROBE_OUT0_INST/data_int_reg[9]' (FDRE) to 'inst/PROBE_OUT_ALL_INST/G_PROBE_OUT[4].PROBE_OUT0_INST/data_int_reg[10]'
INFO: [Synth 8-3886] merging instance 'inst/PROBE_OUT_ALL_INST/G_PROBE_OUT[1].PROBE_OUT0_INST/data_int_reg[9]' (FDRE) to 'inst/PROBE_OUT_ALL_INST/G_PROBE_OUT[1].PROBE_OUT0_INST/data_int_reg[10]'
INFO: [Synth 8-3886] merging instance 'inst/PROBE_OUT_ALL_INST/G_PROBE_OUT[0].PROBE_OUT0_INST/data_int_reg[9]' (FDRE) to 'inst/PROBE_OUT_ALL_INST/G_PROBE_OUT[0].PROBE_OUT0_INST/data_int_reg[10]'
INFO: [Synth 8-3886] merging instance 'inst/PROBE_OUT_ALL_INST/G_PROBE_OUT[7].PROBE_OUT0_INST/data_int_reg[10]' (FDRE) to 'inst/PROBE_OUT_ALL_INST/G_PROBE_OUT[7].PROBE_OUT0_INST/data_int_reg[11]'
INFO: [Synth 8-3886] merging instance 'inst/PROBE_OUT_ALL_INST/G_PROBE_OUT[6].PROBE_OUT0_INST/data_int_reg[10]' (FDRE) to 'inst/PROBE_OUT_ALL_INST/G_PROBE_OUT[6].PROBE_OUT0_INST/data_int_reg[11]'
INFO: [Synth 8-3886] merging instance 'inst/PROBE_OUT_ALL_INST/G_PROBE_OUT[5].PROBE_OUT0_INST/data_int_reg[10]' (FDRE) to 'inst/PROBE_OUT_ALL_INST/G_PROBE_OUT[5].PROBE_OUT0_INST/data_int_reg[11]'
INFO: [Synth 8-3886] merging instance 'inst/PROBE_OUT_ALL_INST/G_PROBE_OUT[4].PROBE_OUT0_INST/data_int_reg[10]' (FDRE) to 'inst/PROBE_OUT_ALL_INST/G_PROBE_OUT[4].PROBE_OUT0_INST/data_int_reg[11]'
INFO: [Synth 8-3886] merging instance 'inst/PROBE_OUT_ALL_INST/G_PROBE_OUT[1].PROBE_OUT0_INST/data_int_reg[10]' (FDRE) to 'inst/PROBE_OUT_ALL_INST/G_PROBE_OUT[1].PROBE_OUT0_INST/data_int_reg[11]'
INFO: [Synth 8-3886] merging instance 'inst/PROBE_OUT_ALL_INST/G_PROBE_OUT[0].PROBE_OUT0_INST/data_int_reg[10]' (FDRE) to 'inst/PROBE_OUT_ALL_INST/G_PROBE_OUT[0].PROBE_OUT0_INST/data_int_reg[11]'
INFO: [Synth 8-3886] merging instance 'inst/PROBE_OUT_ALL_INST/G_PROBE_OUT[7].PROBE_OUT0_INST/data_int_reg[11]' (FDRE) to 'inst/PROBE_OUT_ALL_INST/G_PROBE_OUT[7].PROBE_OUT0_INST/data_int_reg[12]'
INFO: [Synth 8-3886] merging instance 'inst/PROBE_OUT_ALL_INST/G_PROBE_OUT[6].PROBE_OUT0_INST/data_int_reg[11]' (FDRE) to 'inst/PROBE_OUT_ALL_INST/G_PROBE_OUT[6].PROBE_OUT0_INST/data_int_reg[12]'
INFO: [Synth 8-3886] merging instance 'inst/PROBE_OUT_ALL_INST/G_PROBE_OUT[5].PROBE_OUT0_INST/data_int_reg[11]' (FDRE) to 'inst/PROBE_OUT_ALL_INST/G_PROBE_OUT[5].PROBE_OUT0_INST/data_int_reg[12]'
INFO: [Synth 8-3886] merging instance 'inst/PROBE_OUT_ALL_INST/G_PROBE_OUT[4].PROBE_OUT0_INST/data_int_reg[11]' (FDRE) to 'inst/PROBE_OUT_ALL_INST/G_PROBE_OUT[4].PROBE_OUT0_INST/data_int_reg[12]'
INFO: [Synth 8-3886] merging instance 'inst/PROBE_OUT_ALL_INST/G_PROBE_OUT[1].PROBE_OUT0_INST/data_int_reg[11]' (FDRE) to 'inst/PROBE_OUT_ALL_INST/G_PROBE_OUT[1].PROBE_OUT0_INST/data_int_reg[12]'
INFO: [Synth 8-3886] merging instance 'inst/PROBE_OUT_ALL_INST/G_PROBE_OUT[0].PROBE_OUT0_INST/data_int_reg[11]' (FDRE) to 'inst/PROBE_OUT_ALL_INST/G_PROBE_OUT[0].PROBE_OUT0_INST/data_int_reg[12]'
INFO: [Synth 8-3886] merging instance 'inst/PROBE_OUT_ALL_INST/G_PROBE_OUT[7].PROBE_OUT0_INST/data_int_reg[12]' (FDRE) to 'inst/PROBE_OUT_ALL_INST/G_PROBE_OUT[7].PROBE_OUT0_INST/data_int_reg[13]'
INFO: [Synth 8-3886] merging instance 'inst/PROBE_OUT_ALL_INST/G_PROBE_OUT[6].PROBE_OUT0_INST/data_int_reg[12]' (FDRE) to 'inst/PROBE_OUT_ALL_INST/G_PROBE_OUT[6].PROBE_OUT0_INST/data_int_reg[13]'
INFO: [Synth 8-3886] merging instance 'inst/PROBE_OUT_ALL_INST/G_PROBE_OUT[5].PROBE_OUT0_INST/data_int_reg[12]' (FDRE) to 'inst/PROBE_OUT_ALL_INST/G_PROBE_OUT[5].PROBE_OUT0_INST/data_int_reg[13]'
INFO: [Synth 8-3886] merging instance 'inst/PROBE_OUT_ALL_INST/G_PROBE_OUT[4].PROBE_OUT0_INST/data_int_reg[12]' (FDRE) to 'inst/PROBE_OUT_ALL_INST/G_PROBE_OUT[4].PROBE_OUT0_INST/data_int_reg[13]'
INFO: [Synth 8-3886] merging instance 'inst/PROBE_OUT_ALL_INST/G_PROBE_OUT[1].PROBE_OUT0_INST/data_int_reg[12]' (FDRE) to 'inst/PROBE_OUT_ALL_INST/G_PROBE_OUT[1].PROBE_OUT0_INST/data_int_reg[13]'
INFO: [Synth 8-3886] merging instance 'inst/PROBE_OUT_ALL_INST/G_PROBE_OUT[0].PROBE_OUT0_INST/data_int_reg[12]' (FDRE) to 'inst/PROBE_OUT_ALL_INST/G_PROBE_OUT[0].PROBE_OUT0_INST/data_int_reg[13]'
INFO: [Synth 8-3886] merging instance 'inst/PROBE_OUT_ALL_INST/G_PROBE_OUT[7].PROBE_OUT0_INST/data_int_reg[13]' (FDRE) to 'inst/PROBE_OUT_ALL_INST/G_PROBE_OUT[7].PROBE_OUT0_INST/data_int_reg[14]'
INFO: [Synth 8-3886] merging instance 'inst/PROBE_OUT_ALL_INST/G_PROBE_OUT[6].PROBE_OUT0_INST/data_int_reg[13]' (FDRE) to 'inst/PROBE_OUT_ALL_INST/G_PROBE_OUT[6].PROBE_OUT0_INST/data_int_reg[14]'
INFO: [Synth 8-3886] merging instance 'inst/PROBE_OUT_ALL_INST/G_PROBE_OUT[5].PROBE_OUT0_INST/data_int_reg[13]' (FDRE) to 'inst/PROBE_OUT_ALL_INST/G_PROBE_OUT[5].PROBE_OUT0_INST/data_int_reg[14]'
INFO: [Synth 8-3886] merging instance 'inst/PROBE_OUT_ALL_INST/G_PROBE_OUT[4].PROBE_OUT0_INST/data_int_reg[13]' (FDRE) to 'inst/PROBE_OUT_ALL_INST/G_PROBE_OUT[4].PROBE_OUT0_INST/data_int_reg[14]'
INFO: [Synth 8-3886] merging instance 'inst/PROBE_OUT_ALL_INST/G_PROBE_OUT[1].PROBE_OUT0_INST/data_int_reg[13]' (FDRE) to 'inst/PROBE_OUT_ALL_INST/G_PROBE_OUT[1].PROBE_OUT0_INST/data_int_reg[14]'
INFO: [Synth 8-3886] merging instance 'inst/PROBE_OUT_ALL_INST/G_PROBE_OUT[0].PROBE_OUT0_INST/data_int_reg[13]' (FDRE) to 'inst/PROBE_OUT_ALL_INST/G_PROBE_OUT[0].PROBE_OUT0_INST/data_int_reg[14]'
INFO: [Synth 8-3886] merging instance 'inst/PROBE_OUT_ALL_INST/G_PROBE_OUT[7].PROBE_OUT0_INST/data_int_reg[14]' (FDRE) to 'inst/PROBE_OUT_ALL_INST/G_PROBE_OUT[7].PROBE_OUT0_INST/data_int_reg[15]'
INFO: [Synth 8-3886] merging instance 'inst/PROBE_OUT_ALL_INST/G_PROBE_OUT[6].PROBE_OUT0_INST/data_int_reg[14]' (FDRE) to 'inst/PROBE_OUT_ALL_INST/G_PROBE_OUT[6].PROBE_OUT0_INST/data_int_reg[15]'
INFO: [Synth 8-3886] merging instance 'inst/PROBE_OUT_ALL_INST/G_PROBE_OUT[5].PROBE_OUT0_INST/data_int_reg[14]' (FDRE) to 'inst/PROBE_OUT_ALL_INST/G_PROBE_OUT[5].PROBE_OUT0_INST/data_int_reg[15]'
INFO: [Synth 8-3886] merging instance 'inst/PROBE_OUT_ALL_INST/G_PROBE_OUT[4].PROBE_OUT0_INST/data_int_reg[14]' (FDRE) to 'inst/PROBE_OUT_ALL_INST/G_PROBE_OUT[4].PROBE_OUT0_INST/data_int_reg[15]'
INFO: [Synth 8-3886] merging instance 'inst/PROBE_OUT_ALL_INST/G_PROBE_OUT[2].PROBE_OUT0_INST/data_int_reg[14]' (FDRE) to 'inst/PROBE_OUT_ALL_INST/G_PROBE_OUT[2].PROBE_OUT0_INST/data_int_reg[15]'
INFO: [Synth 8-3886] merging instance 'inst/PROBE_OUT_ALL_INST/G_PROBE_OUT[1].PROBE_OUT0_INST/data_int_reg[14]' (FDRE) to 'inst/PROBE_OUT_ALL_INST/G_PROBE_OUT[1].PROBE_OUT0_INST/data_int_reg[15]'
INFO: [Synth 8-3886] merging instance 'inst/PROBE_OUT_ALL_INST/G_PROBE_OUT[0].PROBE_OUT0_INST/data_int_reg[14]' (FDRE) to 'inst/PROBE_OUT_ALL_INST/G_PROBE_OUT[0].PROBE_OUT0_INST/data_int_reg[15]'
INFO: [Synth 8-3333] propagating constant 0 across sequential element (inst/\PROBE_OUT_ALL_INST/G_PROBE_OUT[7].PROBE_OUT0_INST/data_int_reg[15] )
INFO: [Synth 8-3333] propagating constant 0 across sequential element (inst/\PROBE_OUT_ALL_INST/G_PROBE_OUT[6].PROBE_OUT0_INST/data_int_reg[15] )
INFO: [Synth 8-3333] propagating constant 0 across sequential element (inst/\PROBE_OUT_ALL_INST/G_PROBE_OUT[5].PROBE_OUT0_INST/data_int_reg[15] )
INFO: [Synth 8-3333] propagating constant 0 across sequential element (inst/\PROBE_OUT_ALL_INST/G_PROBE_OUT[4].PROBE_OUT0_INST/data_int_reg[15] )
INFO: [Synth 8-3333] propagating constant 0 across sequential element (inst/\PROBE_OUT_ALL_INST/G_PROBE_OUT[2].PROBE_OUT0_INST/data_int_reg[15] )
INFO: [Synth 8-3333] propagating constant 0 across sequential element (inst/\PROBE_OUT_ALL_INST/G_PROBE_OUT[1].PROBE_OUT0_INST/data_int_reg[15] )
INFO: [Synth 8-3333] propagating constant 0 across sequential element (inst/\PROBE_OUT_ALL_INST/G_PROBE_OUT[0].PROBE_OUT0_INST/data_int_reg[15] )
INFO: [Synth 8-3886] merging instance 'inst/PROBE_OUT_WIDTH_INST/probe_width_int_reg[0]' (FD) to 'inst/PROBE_OUT_WIDTH_INST/probe_width_int_reg[9]'
INFO: [Synth 8-3886] merging instance 'inst/PROBE_IN_WIDTH_INST/probe_width_int_reg[0]' (FDS) to 'inst/PROBE_IN_WIDTH_INST/probe_width_int_reg[4]'
INFO: [Synth 8-3886] merging instance 'inst/PROBE_IN_WIDTH_INST/probe_width_int_reg[1]' (FDS) to 'inst/PROBE_IN_WIDTH_INST/probe_width_int_reg[2]'
INFO: [Synth 8-3886] merging instance 'inst/PROBE_OUT_WIDTH_INST/probe_width_int_reg[2]' (FD) to 'inst/PROBE_OUT_WIDTH_INST/probe_width_int_reg[3]'
INFO: [Synth 8-3333] propagating constant 1 across sequential element (inst/\PROBE_IN_WIDTH_INST/probe_width_int_reg[2] )
INFO: [Synth 8-3886] merging instance 'inst/PROBE_OUT_WIDTH_INST/probe_width_int_reg[3]' (FD) to 'inst/PROBE_OUT_WIDTH_INST/probe_width_int_reg[8]'
INFO: [Synth 8-3886] merging instance 'inst/PROBE_IN_WIDTH_INST/probe_width_int_reg[3]' (FDR) to 'inst/PROBE_IN_WIDTH_INST/probe_width_int_reg[8]'
INFO: [Synth 8-3886] merging instance 'inst/PROBE_OUT_WIDTH_INST/probe_width_int_reg[4]' (FD) to 'inst/PROBE_OUT_WIDTH_INST/probe_width_int_reg[5]'
INFO: [Synth 8-3886] merging instance 'inst/PROBE_OUT_WIDTH_INST/probe_width_int_reg[5]' (FD) to 'inst/PROBE_OUT_WIDTH_INST/probe_width_int_reg[6]'
INFO: [Synth 8-3886] merging instance 'inst/PROBE_IN_WIDTH_INST/probe_width_int_reg[5]' (FDR) to 'inst/PROBE_IN_WIDTH_INST/probe_width_int_reg[15]'
INFO: [Synth 8-3886] merging instance 'inst/PROBE_OUT_WIDTH_INST/probe_width_int_reg[6]' (FD) to 'inst/PROBE_OUT_WIDTH_INST/probe_width_int_reg[7]'
INFO: [Synth 8-3886] merging instance 'inst/PROBE_IN_WIDTH_INST/probe_width_int_reg[6]' (FDR) to 'inst/PROBE_IN_WIDTH_INST/probe_width_int_reg[15]'
INFO: [Synth 8-3886] merging instance 'inst/PROBE_OUT_WIDTH_INST/probe_width_int_reg[7]' (FD) to 'inst/PROBE_OUT_WIDTH_INST/probe_width_int_reg[11]'
INFO: [Synth 8-3886] merging instance 'inst/PROBE_IN_WIDTH_INST/probe_width_int_reg[7]' (FDR) to 'inst/PROBE_IN_WIDTH_INST/probe_width_int_reg[15]'
INFO: [Synth 8-3886] merging instance 'inst/PROBE_OUT_WIDTH_INST/probe_width_int_reg[8]' (FD) to 'inst/PROBE_OUT_WIDTH_INST/probe_width_int_reg[10]'
INFO: [Synth 8-3886] merging instance 'inst/PROBE_IN_WIDTH_INST/probe_width_int_reg[8]' (FDR) to 'inst/PROBE_IN_WIDTH_INST/probe_width_int_reg[9]'
INFO: [Synth 8-3886] merging instance 'inst/PROBE_IN_WIDTH_INST/probe_width_int_reg[9]' (FDR) to 'inst/PROBE_IN_WIDTH_INST/probe_width_int_reg[10]'
INFO: [Synth 8-3886] merging instance 'inst/PROBE_OUT_WIDTH_INST/probe_width_int_reg[10]' (FD) to 'inst/PROBE_OUT_WIDTH_INST/probe_width_int_reg[12]'
INFO: [Synth 8-3886] merging instance 'inst/PROBE_IN_WIDTH_INST/probe_width_int_reg[10]' (FDR) to 'inst/PROBE_IN_WIDTH_INST/probe_width_int_reg[12]'
INFO: [Synth 8-3333] propagating constant 0 across sequential element (inst/\PROBE_OUT_WIDTH_INST/probe_width_int_reg[11] )
INFO: [Synth 8-3886] merging instance 'inst/PROBE_IN_WIDTH_INST/probe_width_int_reg[11]' (FDR) to 'inst/PROBE_IN_WIDTH_INST/probe_width_int_reg[15]'
INFO: [Synth 8-3886] merging instance 'inst/PROBE_IN_WIDTH_INST/probe_width_int_reg[13]' (FDR) to 'inst/PROBE_IN_WIDTH_INST/probe_width_int_reg[15]'
INFO: [Synth 8-3886] merging instance 'inst/PROBE_IN_WIDTH_INST/probe_width_int_reg[14]' (FDR) to 'inst/PROBE_IN_WIDTH_INST/probe_width_int_reg[15]'
INFO: [Synth 8-3333] propagating constant 0 across sequential element (inst/\PROBE_IN_WIDTH_INST/probe_width_int_reg[15] )
---------------------------------------------------------------------------------
Finished Cross Boundary and Area Optimization : Time (s): cpu = 00:00:16 ; elapsed = 00:00:19 . Memory (MB): peak = 1077.746 ; gain = 384.539
---------------------------------------------------------------------------------

Report RTL Partitions: 
+-+--------------+------------+----------+
| |RTL Partition |Replication |Instances |
+-+--------------+------------+----------+
+-+--------------+------------+----------+
---------------------------------------------------------------------------------
Start Applying XDC Timing Constraints
---------------------------------------------------------------------------------
---------------------------------------------------------------------------------
Finished Applying XDC Timing Constraints : Time (s): cpu = 00:00:23 ; elapsed = 00:00:27 . Memory (MB): peak = 1077.746 ; gain = 384.539
---------------------------------------------------------------------------------
---------------------------------------------------------------------------------
Start Timing Optimization
---------------------------------------------------------------------------------
---------------------------------------------------------------------------------
Finished Timing Optimization : Time (s): cpu = 00:00:23 ; elapsed = 00:00:27 . Memory (MB): peak = 1077.746 ; gain = 384.539
---------------------------------------------------------------------------------

Report RTL Partitions: 
+-+--------------+------------+----------+
| |RTL Partition |Replication |Instances |
+-+--------------+------------+----------+
+-+--------------+------------+----------+
---------------------------------------------------------------------------------
Start Technology Mapping
---------------------------------------------------------------------------------
---------------------------------------------------------------------------------
Finished Technology Mapping : Time (s): cpu = 00:00:23 ; elapsed = 00:00:27 . Memory (MB): peak = 1077.746 ; gain = 384.539
---------------------------------------------------------------------------------

Report RTL Partitions: 
+-+--------------+------------+----------+
| |RTL Partition |Replication |Instances |
+-+--------------+------------+----------+
+-+--------------+------------+----------+
---------------------------------------------------------------------------------
Start IO Insertion
---------------------------------------------------------------------------------
---------------------------------------------------------------------------------
Start Flattening Before IO Insertion
---------------------------------------------------------------------------------
---------------------------------------------------------------------------------
Finished Flattening Before IO Insertion
---------------------------------------------------------------------------------
---------------------------------------------------------------------------------
Start Final Netlist Cleanup
---------------------------------------------------------------------------------
---------------------------------------------------------------------------------
Finished Final Netlist Cleanup
---------------------------------------------------------------------------------
WARNING: [Synth 8-3295] tying undriven pin inst:sl_iport0[36] to constant 0
WARNING: [Synth 8-3295] tying undriven pin inst:sl_iport0[35] to constant 0
WARNING: [Synth 8-3295] tying undriven pin inst:sl_iport0[34] to constant 0
WARNING: [Synth 8-3295] tying undriven pin inst:sl_iport0[33] to constant 0
WARNING: [Synth 8-3295] tying undriven pin inst:sl_iport0[32] to constant 0
WARNING: [Synth 8-3295] tying undriven pin inst:sl_iport0[31] to constant 0
WARNING: [Synth 8-3295] tying undriven pin inst:sl_iport0[30] to constant 0
WARNING: [Synth 8-3295] tying undriven pin inst:sl_iport0[29] to constant 0
WARNING: [Synth 8-3295] tying undriven pin inst:sl_iport0[28] to constant 0
WARNING: [Synth 8-3295] tying undriven pin inst:sl_iport0[27] to constant 0
WARNING: [Synth 8-3295] tying undriven pin inst:sl_iport0[26] to constant 0
WARNING: [Synth 8-3295] tying undriven pin inst:sl_iport0[25] to constant 0
WARNING: [Synth 8-3295] tying undriven pin inst:sl_iport0[24] to constant 0
WARNING: [Synth 8-3295] tying undriven pin inst:sl_iport0[23] to constant 0
WARNING: [Synth 8-3295] tying undriven pin inst:sl_iport0[22] to constant 0
WARNING: [Synth 8-3295] tying undriven pin inst:sl_iport0[21] to constant 0
WARNING: [Synth 8-3295] tying undriven pin inst:sl_iport0[20] to constant 0
WARNING: [Synth 8-3295] tying undriven pin inst:sl_iport0[19] to constant 0
WARNING: [Synth 8-3295] tying undriven pin inst:sl_iport0[18] to constant 0
WARNING: [Synth 8-3295] tying undriven pin inst:sl_iport0[17] to constant 0
WARNING: [Synth 8-3295] tying undriven pin inst:sl_iport0[16] to constant 0
WARNING: [Synth 8-3295] tying undriven pin inst:sl_iport0[15] to constant 0
WARNING: [Synth 8-3295] tying undriven pin inst:sl_iport0[14] to constant 0
WARNING: [Synth 8-3295] tying undriven pin inst:sl_iport0[13] to constant 0
WARNING: [Synth 8-3295] tying undriven pin inst:sl_iport0[12] to constant 0
WARNING: [Synth 8-3295] tying undriven pin inst:sl_iport0[11] to constant 0
WARNING: [Synth 8-3295] tying undriven pin inst:sl_iport0[10] to constant 0
WARNING: [Synth 8-3295] tying undriven pin inst:sl_iport0[9] to constant 0
WARNING: [Synth 8-3295] tying undriven pin inst:sl_iport0[8] to constant 0
WARNING: [Synth 8-3295] tying undriven pin inst:sl_iport0[7] to constant 0
WARNING: [Synth 8-3295] tying undriven pin inst:sl_iport0[6] to constant 0
WARNING: [Synth 8-3295] tying undriven pin inst:sl_iport0[5] to constant 0
WARNING: [Synth 8-3295] tying undriven pin inst:sl_iport0[4] to constant 0
WARNING: [Synth 8-3295] tying undriven pin inst:sl_iport0[3] to constant 0
WARNING: [Synth 8-3295] tying undriven pin inst:sl_iport0[2] to constant 0
WARNING: [Synth 8-3295] tying undriven pin inst:sl_iport0[1] to constant 0
WARNING: [Synth 8-3295] tying undriven pin inst:sl_iport0[0] to constant 0
---------------------------------------------------------------------------------
Finished IO Insertion : Time (s): cpu = 00:00:25 ; elapsed = 00:00:29 . Memory (MB): peak = 1077.746 ; gain = 384.539
---------------------------------------------------------------------------------

Report Check Netlist: 
+------+------------------+-------+---------+-------+------------------+
|      |Item              |Errors |Warnings |Status |Description       |
+------+------------------+-------+---------+-------+------------------+
|1     |multi_driven_nets |      0|        0|Passed |Multi driven nets |
+------+------------------+-------+---------+-------+------------------+
---------------------------------------------------------------------------------
Start Renaming Generated Instances
---------------------------------------------------------------------------------
---------------------------------------------------------------------------------
Finished Renaming Generated Instances : Time (s): cpu = 00:00:25 ; elapsed = 00:00:29 . Memory (MB): peak = 1077.746 ; gain = 384.539
---------------------------------------------------------------------------------

Report RTL Partitions: 
+-+--------------+------------+----------+
| |RTL Partition |Replication |Instances |
+-+--------------+------------+----------+
+-+--------------+------------+----------+
---------------------------------------------------------------------------------
Start Rebuilding User Hierarchy
---------------------------------------------------------------------------------
---------------------------------------------------------------------------------
Finished Rebuilding User Hierarchy : Time (s): cpu = 00:00:25 ; elapsed = 00:00:29 . Memory (MB): peak = 1077.746 ; gain = 384.539
---------------------------------------------------------------------------------
---------------------------------------------------------------------------------
Start Renaming Generated Ports
---------------------------------------------------------------------------------
---------------------------------------------------------------------------------
Finished Renaming Generated Ports : Time (s): cpu = 00:00:25 ; elapsed = 00:00:29 . Memory (MB): peak = 1077.746 ; gain = 384.539
---------------------------------------------------------------------------------
---------------------------------------------------------------------------------
Start Handling Custom Attributes
---------------------------------------------------------------------------------
---------------------------------------------------------------------------------
Finished Handling Custom Attributes : Time (s): cpu = 00:00:25 ; elapsed = 00:00:29 . Memory (MB): peak = 1077.746 ; gain = 384.539
---------------------------------------------------------------------------------
---------------------------------------------------------------------------------
Start Renaming Generated Nets
---------------------------------------------------------------------------------
---------------------------------------------------------------------------------
Finished Renaming Generated Nets : Time (s): cpu = 00:00:25 ; elapsed = 00:00:29 . Memory (MB): peak = 1077.746 ; gain = 384.539
---------------------------------------------------------------------------------
---------------------------------------------------------------------------------
Start Writing Synthesis Report
---------------------------------------------------------------------------------

Report BlackBoxes: 
+-+--------------+----------+
| |BlackBox name |Instances |
+-+--------------+----------+
+-+--------------+----------+

Report Cell Usage: 
+------+------+------+
|      |Cell  |Count |
+------+------+------+
|1     |LUT1  |     4|
|2     |LUT2  |    14|
|3     |LUT3  |    69|
|4     |LUT4  |    29|
|5     |LUT5  |    18|
|6     |LUT6  |   104|
|7     |MUXF7 |     1|
|8     |FDRE  |   596|
|9     |FDSE  |     4|
+------+------+------+

Report Instance Areas: 
+------+---------------------------------------+--------------------------------------------+------+
|      |Instance                               |Module                                      |Cells |
+------+---------------------------------------+--------------------------------------------+------+
|1     |top                                    |                                            |   839|
|2     |  inst                                 |vio_v3_0_20_vio                             |   839|
|3     |    U_XSDB_SLAVE                       |xsdbs_v1_0_2_xsdbs                          |   248|
|4     |    DECODER_INST                       |vio_v3_0_20_decoder                         |    93|
|5     |    PROBE_IN_INST                      |vio_v3_0_20_probe_in_one                    |   233|
|6     |    PROBE_IN_WIDTH_INST                |vio_v3_0_20_probe_width                     |     4|
|7     |    PROBE_OUT_ALL_INST                 |vio_v3_0_20_probe_out_all                   |   235|
|8     |      \G_PROBE_OUT[0].PROBE_OUT0_INST  |vio_v3_0_20_probe_out_one                   |     8|
|9     |      \G_PROBE_OUT[1].PROBE_OUT0_INST  |vio_v3_0_20_probe_out_one__parameterized0   |     9|
|10    |      \G_PROBE_OUT[2].PROBE_OUT0_INST  |vio_v3_0_20_probe_out_one__parameterized1   |    28|
|11    |      \G_PROBE_OUT[3].PROBE_OUT0_INST  |vio_v3_0_20_probe_out_one__parameterized2   |   113|
|12    |      \G_PROBE_OUT[4].PROBE_OUT0_INST  |vio_v3_0_20_probe_out_one__parameterized3   |     3|
|13    |      \G_PROBE_OUT[5].PROBE_OUT0_INST  |vio_v3_0_20_probe_out_one__parameterized3_0 |     3|
|14    |      \G_PROBE_OUT[6].PROBE_OUT0_INST  |vio_v3_0_20_probe_out_one__parameterized4   |     9|
|15    |      \G_PROBE_OUT[7].PROBE_OUT0_INST  |vio_v3_0_20_probe_out_one__parameterized3_1 |     3|
|16    |    PROBE_OUT_WIDTH_INST               |vio_v3_0_20_probe_width__parameterized0     |    10|
+------+---------------------------------------+--------------------------------------------+------+
---------------------------------------------------------------------------------
Finished Writing Synthesis Report : Time (s): cpu = 00:00:25 ; elapsed = 00:00:29 . Memory (MB): peak = 1077.746 ; gain = 384.539
---------------------------------------------------------------------------------
Synthesis finished with 0 errors, 0 critical warnings and 290 warnings.
Synthesis Optimization Runtime : Time (s): cpu = 00:00:15 ; elapsed = 00:00:25 . Memory (MB): peak = 1077.746 ; gain = 252.371
Synthesis Optimization Complete : Time (s): cpu = 00:00:25 ; elapsed = 00:00:29 . Memory (MB): peak = 1077.746 ; gain = 384.539
INFO: [Project 1-571] Translating synthesized netlist
INFO: [Netlist 29-17] Analyzing 1 Unisim elements for replacement
INFO: [Netlist 29-28] Unisim Transformation completed in 0 CPU seconds
INFO: [Project 1-570] Preparing netlist for logic optimization
INFO: [Opt 31-138] Pushed 0 inverter(s) to 0 load pin(s).
Netlist sorting complete. Time (s): cpu = 00:00:00 ; elapsed = 00:00:00 . Memory (MB): peak = 1089.395 ; gain = 0.000
INFO: [Project 1-111] Unisim Transformation Summary:
No Unisim elements were transformed.

INFO: [Common 17-83] Releasing license: Synthesis
127 Infos, 140 Warnings, 0 Critical Warnings and 0 Errors encountered.
synth_design completed successfully
synth_design: Time (s): cpu = 00:00:32 ; elapsed = 00:00:37 . Memory (MB): peak = 1089.395 ; gain = 695.777
INFO: [Common 17-600] The following parameters have non-default value.
tcl.collectionResultDisplayLimit
Netlist sorting complete. Time (s): cpu = 00:00:00 ; elapsed = 00:00:00 . Memory (MB): peak = 1089.395 ; gain = 0.000
WARNING: [Constraints 18-5210] No constraints selected for write.
Resolution: This message can indicate that there are no constraints for the design, or it can indicate that the used_in flags are set such that the constraints are ignored. This later case is used when running synth_design to not write synthesis constraints to the resulting checkpoint. Instead, project constraints are read when the synthesized design is opened.
INFO: [Common 17-1381] The checkpoint 'F:/work/Izhevsk_project_2_1/Izhevsk_project_2_1/projects/Kintex_DSP_Lite/Kintex_DSP_Lite.runs/design_1_vio_0_0_synth_1/design_1_vio_0_0.dcp' has been generated.
WARNING: [Common 17-576] 'use_project_ipc' is deprecated. This option is deprecated and no longer used.
INFO: [Coretcl 2-1648] Added synthesis output to IP cache for IP design_1_vio_0_0, cache-ID = 0f3bd770e7f952a4
INFO: [Coretcl 2-1174] Renamed 15 cell refs.
Netlist sorting complete. Time (s): cpu = 00:00:00 ; elapsed = 00:00:00 . Memory (MB): peak = 1089.395 ; gain = 0.000
WARNING: [Constraints 18-5210] No constraints selected for write.
Resolution: This message can indicate that there are no constraints for the design, or it can indicate that the used_in flags are set such that the constraints are ignored. This later case is used when running synth_design to not write synthesis constraints to the resulting checkpoint. Instead, project constraints are read when the synthesized design is opened.
INFO: [Common 17-1381] The checkpoint 'F:/work/Izhevsk_project_2_1/Izhevsk_project_2_1/projects/Kintex_DSP_Lite/Kintex_DSP_Lite.runs/design_1_vio_0_0_synth_1/design_1_vio_0_0.dcp' has been generated.
INFO: [runtcl-4] Executing : report_utilization -file design_1_vio_0_0_utilization_synth.rpt -pb design_1_vio_0_0_utilization_synth.pb
INFO: [Common 17-206] Exiting Vivado at Tue Jul  1 14:09:15 2025...
