#-----------------------------------------------------------
# Vivado v2019.1 (64-bit)
# SW Build 2552052 on Fri May 24 14:49:42 MDT 2019
# IP Build 2548770 on Fri May 24 18:01:18 MDT 2019
# Start of session at: Thu Apr  7 13:46:25 2022
# Process ID: 7288
# Current directory: F:/kintex_dsp_lite/library/xilinx/util_clkdiv
# Command line: vivado.exe -gui_launcher_event rodinguilauncherevent7048 F:\kintex_dsp_lite\library\xilinx\util_clkdiv\util_clkdiv.xpr
# Log file: F:/kintex_dsp_lite/library/xilinx/util_clkdiv/vivado.log
# Journal file: F:/kintex_dsp_lite/library/xilinx/util_clkdiv\vivado.jou
#-----------------------------------------------------------
start_gui
open_project F:/kintex_dsp_lite/library/xilinx/util_clkdiv/util_clkdiv.xpr
INFO: [Project 1-313] Project file moved from '/home/nikita/work/hdl-hdl_2019_r1/library/xilinx/util_clkdiv' since last save.
Scanning sources...
Finished scanning sources
WARNING: [filemgmt 56-2] IP Repository Path: Could not find the directory 'F:/ghdl/library', nor could it be found using path 'F:/home/nikita/work/ghdl/library'.
WARNING: [filemgmt 56-2] IPUserFilesDir: Could not find the directory 'F:/kintex_dsp_lite/library/xilinx/util_clkdiv/util_clkdiv.ip_user_files', nor could it be found using path 'F:/home/nikita/work/hdl-hdl_2019_r1/library/xilinx/util_clkdiv/util_clkdiv.ip_user_files'.
INFO: [Project 1-230] Project 'util_clkdiv.xpr' upgraded for this version of Vivado.
INFO: [IP_Flow 19-234] Refreshing IP repositories
INFO: [IP_Flow 19-1700] Loaded user IP repository 'f:/kintex_dsp_lite/library'.
INFO: [IP_Flow 19-3656] If you move the project, the path for repository 'f:/kintex_dsp_lite/library' may become invalid. A better location for the repository would be in a path adjacent to the project. (Current project location is 'f:/kintex_dsp_lite/library/xilinx/util_clkdiv'.)
WARNING: [IP_Flow 19-2248] Failed to load user IP repository 'f:/ghdl/library'; Can't find the specified path.
If this directory should no longer be in your list of user repositories, go to the IP Settings dialog and remove it.
INFO: [IP_Flow 19-2313] Loaded Vivado IP repository 'F:/Vivado/2019.1/data/ip'.
WARNING: [IP_Flow 19-1663] Duplicate IP found for 'analog.com:user:util_clkdiv:1.0'. The one found in IP location 'f:/kintex_dsp_lite/library/util_clkdiv' will take precedence over the same IP in location f:/kintex_dsp_lite/library/xilinx/util_clkdiv
open_project: Time (s): cpu = 00:00:10 ; elapsed = 00:00:05 . Memory (MB): peak = 790.977 ; gain = 128.617
update_compile_order -fileset sources_1
exit
INFO: [Common 17-206] Exiting Vivado at Thu Apr  7 13:47:42 2022...
